app/build/intermediates/manifest_merge_blame_file/debug/manifest-merger-blame-debug-report.txt
1<?xml version="1.0" encoding="utf-8"?>
2<manifest xmlns:android="http://schemas.android.com/apk/res/android"
3    package="com.hamker.quizer"
4    android:versionCode="1"
5    android:versionName="1.0" >
6
7    <uses-sdk
8        android:minSdkVersion="21"
8-->src/main/AndroidManifest.xml
9        android:targetSdkVersion="32" />
9-->src/main/AndroidManifest.xml
10
11    <application
11-->src/main/AndroidManifest.xml:5:5-53:19
12        android:allowBackup="true"
12-->src/main/AndroidManifest.xml:6:9-35
13        android:appComponentFactory="androidx.core.app.CoreComponentFactory"
13-->[androidx.core:core:1.7.0] AndroidManifest.xml:24:18-86
14        android:debuggable="true"
15        android:hardwareAccelerated="false"
15-->src/main/AndroidManifest.xml:7:9-44
16        android:icon="@mipmap/ic_launcher"
16-->src/main/AndroidManifest.xml:8:9-43
17        android:label="@string/app_name"
17-->src/main/AndroidManifest.xml:9:9-41
18        android:largeHeap="true"
18-->src/main/AndroidManifest.xml:10:9-33
19        android:roundIcon="@mipmap/ic_launcher_round"
19-->src/main/AndroidManifest.xml:11:9-54
20        android:supportsRtl="true"
20-->src/main/AndroidManifest.xml:12:9-35
21        android:testOnly="true"
22        android:theme="@style/Theme.Quizer" >
22-->src/main/AndroidManifest.xml:13:9-44
23        <activity
23-->src/main/AndroidManifest.xml:14:9-20:20
24            android:name="com.hamker.quizer.ResetPassActivity"
24-->src/main/AndroidManifest.xml:15:13-46
25            android:exported="false" >
25-->src/main/AndroidManifest.xml:16:13-37
26            <meta-data
26-->src/main/AndroidManifest.xml:17:13-19:36
27                android:name="android.app.lib_name"
27-->src/main/AndroidManifest.xml:18:17-52
28                android:value="" />
28-->src/main/AndroidManifest.xml:19:17-33
29        </activity>
30        <activity
30-->src/main/AndroidManifest.xml:21:9-27:20
31            android:name="com.hamker.quizer.MainActivity"
31-->src/main/AndroidManifest.xml:22:13-41
32            android:exported="false" >
32-->src/main/AndroidManifest.xml:23:13-37
33            <meta-data
33-->src/main/AndroidManifest.xml:17:13-19:36
34                android:name="android.app.lib_name"
34-->src/main/AndroidManifest.xml:18:17-52
35                android:value="" />
35-->src/main/AndroidManifest.xml:19:17-33
36        </activity>
37        <activity
37-->src/main/AndroidManifest.xml:28:9-34:20
38            android:name="com.hamker.quizer.RegisterActivity"
38-->src/main/AndroidManifest.xml:29:13-45
39            android:exported="false" >
39-->src/main/AndroidManifest.xml:30:13-37
40            <meta-data
40-->src/main/AndroidManifest.xml:17:13-19:36
41                android:name="android.app.lib_name"
41-->src/main/AndroidManifest.xml:18:17-52
42                android:value="" />
42-->src/main/AndroidManifest.xml:19:17-33
43        </activity>
44        <activity
44-->src/main/AndroidManifest.xml:35:9-44:20
45            android:name="com.hamker.quizer.LoginActivity"
45-->src/main/AndroidManifest.xml:36:13-42
46            android:exported="true"
46-->src/main/AndroidManifest.xml:37:13-36
47            android:screenOrientation="portrait" >
47-->src/main/AndroidManifest.xml:38:13-49
48            <intent-filter>
48-->src/main/AndroidManifest.xml:39:13-43:29
49                <action android:name="android.intent.action.MAIN" />
49-->src/main/AndroidManifest.xml:40:17-69
49-->src/main/AndroidManifest.xml:40:25-66
50
51                <category android:name="android.intent.category.LAUNCHER" />
51-->src/main/AndroidManifest.xml:42:17-77
51-->src/main/AndroidManifest.xml:42:27-74
52            </intent-filter>
53        </activity>
54        <activity
54-->src/main/AndroidManifest.xml:45:9-48:52
55            android:name="com.hamker.quizer.QuestionsActivity"
55-->src/main/AndroidManifest.xml:46:13-46
56            android:exported="true"
56-->src/main/AndroidManifest.xml:47:13-36
57            android:screenOrientation="portrait" />
57-->src/main/AndroidManifest.xml:48:13-49
58        <activity
58-->src/main/AndroidManifest.xml:49:9-52:52
59            android:name="com.hamker.quizer.ResultsActivity"
59-->src/main/AndroidManifest.xml:50:13-44
60            android:exported="true"
60-->src/main/AndroidManifest.xml:51:13-36
61            android:screenOrientation="portrait" />
61-->src/main/AndroidManifest.xml:52:13-49
62
63        <provider
63-->[androidx.emoji2:emoji2:1.0.0] AndroidManifest.xml:26:9-34:20
64            android:name="androidx.startup.InitializationProvider"
64-->[androidx.emoji2:emoji2:1.0.0] AndroidManifest.xml:27:13-67
65            android:authorities="com.hamker.quizer.androidx-startup"
65-->[androidx.emoji2:emoji2:1.0.0] AndroidManifest.xml:28:13-68
66            android:exported="false" >
66-->[androidx.emoji2:emoji2:1.0.0] AndroidManifest.xml:29:13-37
67            <meta-data
67-->[androidx.emoji2:emoji2:1.0.0] AndroidManifest.xml:31:13-33:52
68                android:name="androidx.emoji2.text.EmojiCompatInitializer"
68-->[androidx.emoji2:emoji2:1.0.0] AndroidManifest.xml:32:17-75
69                android:value="androidx.startup" />
69-->[androidx.emoji2:emoji2:1.0.0] AndroidManifest.xml:33:17-49
70            <meta-data
70-->[androidx.lifecycle:lifecycle-process:2.4.0] AndroidManifest.xml:31:13-33:52
71                android:name="androidx.lifecycle.ProcessLifecycleInitializer"
71-->[androidx.lifecycle:lifecycle-process:2.4.0] AndroidManifest.xml:32:17-78
72                android:value="androidx.startup" />
72-->[androidx.lifecycle:lifecycle-process:2.4.0] AndroidManifest.xml:33:17-49
73        </provider>
74    </application>
75
76</manifest>